<?xml version="1.0" encoding="UTF-8"?>
<!-- Generated by org.testng.reporters.JUnitReportReporter -->
<testsuite skipped="0" hostname="LAPTOP-D9ECK8R7" name="com.yike.testcases.TestInvest" tests="1" failures="0" timestamp="2021-06-19T15:56:41 CST" time="46.465" errors="0">
  <testcase name="testInvestSuccess" time="46.465" classname="com.yike.testcases.TestInvest"/>
</testsuite> <!-- com.yike.testcases.TestInvest -->
