<?xml version="1.0" encoding="UTF-8"?>
<!-- Generated by org.testng.reporters.JUnitReportReporter -->
<testsuite skipped="0" hostname="LAPTOP-D9ECK8R7" name="com.yike.testcases.TestInvest" tests="1" failures="0" timestamp="2021-05-26T15:40:34 CST" time="34.713" errors="0">
  <testcase name="testInvestSuccess" time="34.713" classname="com.yike.testcases.TestInvest"/>
</testsuite> <!-- com.yike.testcases.TestInvest -->
